{"uuid":"1031baae-87a8-4d4f-b978-147feda6a14a","historyId":"5b0171d2e6f8df67d3f78251306bf314","fullName":"src/test/resources/features/store.feature:32","labels":[{"name":"host","value":"Natalias-MacBook-Pro.local"},{"name":"thread","value":"50815@Natalias-MacBook-Pro.local.main(1)"},{"name":"feature","value":"Store API validations"},{"name":"story","value":"Validates delete an order by id"},{"name":"suite","value":"Store API validations"},{"name":"testClass","value":"Validates delete an order by id"},{"name":"framework","value":"cucumber4jvm"},{"name":"language","value":"java"},{"name":"gherkin_uri","value":"file:///Users/nataliabedoya/Documents/Profesional/visa/petStore/petstore-test-automation-framework/src/test/resources/features/store.feature"},{"name":"package","value":"src.test.resources.features.store_feature.Store API validations"}],"links":[],"name":"Validates delete an order by id","status":"failed","statusDetails":{"known":false,"muted":false,"flaky":false,"message":"expected [200] but found [404]","trace":"java.lang.AssertionError: expected [200] but found [404]\n\tat org.testng.Assert.fail(Assert.java:111)\n\tat org.testng.Assert.failNotEquals(Assert.java:1578)\n\tat org.testng.Assert.assertEqualsImpl(Assert.java:150)\n\tat org.testng.Assert.assertEquals(Assert.java:132)\n\tat org.testng.Assert.assertEquals(Assert.java:1419)\n\tat org.testng.Assert.assertEquals(Assert.java:1383)\n\tat org.testng.Assert.assertEquals(Assert.java:1429)\n\tat stepDefinitions.PetStepDefinitions.theResponseStatusCodeShouldBe(PetStepDefinitions.java:52)\n\tat ✽.The response status code should be 200(file:///Users/nataliabedoya/Documents/Profesional/visa/petStore/petstore-test-automation-framework/src/test/resources/features/store.feature:28)\n"},"stage":"finished","steps":[{"name":"Given  The user wants to delete the order with id \"2\"","status":"passed","statusDetails":{"known":false,"muted":false,"flaky":false},"stage":"finished","steps":[],"attachments":[],"parameters":[],"start":1741304952015,"stop":1741304952015},{"name":"When  A DELETE request is sent to /store/order/{orderId}","status":"passed","statusDetails":{"known":false,"muted":false,"flaky":false},"stage":"finished","steps":[],"attachments":[],"parameters":[],"start":1741304952015,"stop":1741304952463},{"name":"Then  The response status code should be 200","status":"failed","statusDetails":{"known":false,"muted":false,"flaky":false,"message":"expected [200] but found [404]","trace":"java.lang.AssertionError: expected [200] but found [404]\n\tat org.testng.Assert.fail(Assert.java:111)\n\tat org.testng.Assert.failNotEquals(Assert.java:1578)\n\tat org.testng.Assert.assertEqualsImpl(Assert.java:150)\n\tat org.testng.Assert.assertEquals(Assert.java:132)\n\tat org.testng.Assert.assertEquals(Assert.java:1419)\n\tat org.testng.Assert.assertEquals(Assert.java:1383)\n\tat org.testng.Assert.assertEquals(Assert.java:1429)\n\tat stepDefinitions.PetStepDefinitions.theResponseStatusCodeShouldBe(PetStepDefinitions.java:52)\n\tat ✽.The response status code should be 200(file:///Users/nataliabedoya/Documents/Profesional/visa/petStore/petstore-test-automation-framework/src/test/resources/features/store.feature:28)\n"},"stage":"finished","steps":[],"attachments":[],"parameters":[],"start":1741304952463,"stop":1741304952466},{"name":"And  The response should have a message with \"2\"","status":"skipped","statusDetails":{"known":false,"muted":false,"flaky":false},"stage":"finished","steps":[],"attachments":[],"parameters":[],"start":1741304952466,"stop":1741304952467}],"attachments":[],"parameters":[{"name":"orderId","value":"2"}],"start":1741304952015,"stop":1741304952467}