{"uuid":"4af8e023-d770-4f66-ba38-ad091d481f7a","historyId":"3ef69f0f4e659fd49ec7305161b6810a","fullName":"src/test/resources/features/store.feature:22","labels":[{"name":"host","value":"Natalias-MacBook-Pro.local"},{"name":"thread","value":"50815@Natalias-MacBook-Pro.local.main(1)"},{"name":"feature","value":"Store API validations"},{"name":"story","value":"Validates order by id"},{"name":"suite","value":"Store API validations"},{"name":"testClass","value":"Validates order by id"},{"name":"framework","value":"cucumber4jvm"},{"name":"language","value":"java"},{"name":"gherkin_uri","value":"file:///Users/nataliabedoya/Documents/Profesional/visa/petStore/petstore-test-automation-framework/src/test/resources/features/store.feature"},{"name":"package","value":"src.test.resources.features.store_feature.Store API validations"}],"links":[],"name":"Validates order by id","status":"failed","statusDetails":{"known":false,"muted":false,"flaky":false,"message":"expected [200] but found [404]","trace":"java.lang.AssertionError: expected [200] but found [404]\n\tat org.testng.Assert.fail(Assert.java:111)\n\tat org.testng.Assert.failNotEquals(Assert.java:1578)\n\tat org.testng.Assert.assertEqualsImpl(Assert.java:150)\n\tat org.testng.Assert.assertEquals(Assert.java:132)\n\tat org.testng.Assert.assertEquals(Assert.java:1419)\n\tat org.testng.Assert.assertEquals(Assert.java:1383)\n\tat org.testng.Assert.assertEquals(Assert.java:1429)\n\tat stepDefinitions.PetStepDefinitions.theResponseStatusCodeShouldBe(PetStepDefinitions.java:52)\n\tat ✽.The response status code should be 200(file:///Users/nataliabedoya/Documents/Profesional/visa/petStore/petstore-test-automation-framework/src/test/resources/features/store.feature:18)\n"},"stage":"finished","steps":[{"name":"Given  The user wants to search the order id \"5\"","status":"passed","statusDetails":{"known":false,"muted":false,"flaky":false},"stage":"finished","steps":[],"attachments":[],"parameters":[],"start":1741304950687,"stop":1741304950687},{"name":"When  A GET request is sent to /store/order/{orderId}","status":"passed","statusDetails":{"known":false,"muted":false,"flaky":false},"stage":"finished","steps":[],"attachments":[],"parameters":[],"start":1741304950687,"stop":1741304951550},{"name":"Then  The response status code should be 200","status":"failed","statusDetails":{"known":false,"muted":false,"flaky":false,"message":"expected [200] but found [404]","trace":"java.lang.AssertionError: expected [200] but found [404]\n\tat org.testng.Assert.fail(Assert.java:111)\n\tat org.testng.Assert.failNotEquals(Assert.java:1578)\n\tat org.testng.Assert.assertEqualsImpl(Assert.java:150)\n\tat org.testng.Assert.assertEquals(Assert.java:132)\n\tat org.testng.Assert.assertEquals(Assert.java:1419)\n\tat org.testng.Assert.assertEquals(Assert.java:1383)\n\tat org.testng.Assert.assertEquals(Assert.java:1429)\n\tat stepDefinitions.PetStepDefinitions.theResponseStatusCodeShouldBe(PetStepDefinitions.java:52)\n\tat ✽.The response status code should be 200(file:///Users/nataliabedoya/Documents/Profesional/visa/petStore/petstore-test-automation-framework/src/test/resources/features/store.feature:18)\n"},"stage":"finished","steps":[],"attachments":[],"parameters":[],"start":1741304951550,"stop":1741304951553},{"name":"And  The response should have the id \"5\"","status":"skipped","statusDetails":{"known":false,"muted":false,"flaky":false},"stage":"finished","steps":[],"attachments":[],"parameters":[],"start":1741304951553,"stop":1741304951554}],"attachments":[],"parameters":[{"name":"orderId","value":"5"}],"start":1741304950687,"stop":1741304951554}