{"uuid":"8ac82f5a-2d70-43ba-8d3a-bf7b24fa1955","historyId":"a3527fa4fac0c0361bfbcd0409b1910d","fullName":"src/test/resources/features/store.feature:9","labels":[{"name":"host","value":"Natalias-MacBook-Pro.local"},{"name":"thread","value":"50815@Natalias-MacBook-Pro.local.main(1)"},{"name":"feature","value":"Store API validations"},{"name":"story","value":"Validates place and order for a pet"},{"name":"suite","value":"Store API validations"},{"name":"testClass","value":"Validates place and order for a pet"},{"name":"framework","value":"cucumber4jvm"},{"name":"language","value":"java"},{"name":"gherkin_uri","value":"file:///Users/nataliabedoya/Documents/Profesional/visa/petStore/petstore-test-automation-framework/src/test/resources/features/store.feature"},{"name":"package","value":"src.test.resources.features.store_feature.Store API validations"}],"links":[],"name":"Validates place and order for a pet","status":"failed","statusDetails":{"known":false,"muted":false,"flaky":false,"message":"The id is not correct expected [9223372036854744055] but found [0]","trace":"java.lang.AssertionError: The id is not correct expected [9223372036854744055] but found [0]\n\tat org.testng.Assert.fail(Assert.java:111)\n\tat org.testng.Assert.failNotEquals(Assert.java:1578)\n\tat org.testng.Assert.assertEqualsImpl(Assert.java:150)\n\tat org.testng.Assert.assertEquals(Assert.java:132)\n\tat org.testng.Assert.assertEquals(Assert.java:980)\n\tat org.testng.Assert.assertEquals(Assert.java:956)\n\tat stepDefinitions.StoreStepDefinitions.theResponseShouldHaveTheOrderInformation(StoreStepDefinitions.java:62)\n\tat ✽.The response should have the order information(file:///Users/nataliabedoya/Documents/Profesional/visa/petStore/petstore-test-automation-framework/src/test/resources/features/store.feature:13)\n"},"stage":"finished","steps":[{"name":"Given  The user wants to place and order","status":"passed","statusDetails":{"known":false,"muted":false,"flaky":false},"stage":"finished","steps":[],"attachments":[],"parameters":[],"start":1741304950234,"stop":1741304950235},{"name":"When  A POST request is sent to /store/order","status":"passed","statusDetails":{"known":false,"muted":false,"flaky":false},"stage":"finished","steps":[],"attachments":[],"parameters":[],"start":1741304950235,"stop":1741304950670},{"name":"Then  The response status code should be 200","status":"passed","statusDetails":{"known":false,"muted":false,"flaky":false},"stage":"finished","steps":[],"attachments":[],"parameters":[],"start":1741304950670,"stop":1741304950672},{"name":"And  The response should have the order information","status":"failed","statusDetails":{"known":false,"muted":false,"flaky":false,"message":"The id is not correct expected [9223372036854744055] but found [0]","trace":"java.lang.AssertionError: The id is not correct expected [9223372036854744055] but found [0]\n\tat org.testng.Assert.fail(Assert.java:111)\n\tat org.testng.Assert.failNotEquals(Assert.java:1578)\n\tat org.testng.Assert.assertEqualsImpl(Assert.java:150)\n\tat org.testng.Assert.assertEquals(Assert.java:132)\n\tat org.testng.Assert.assertEquals(Assert.java:980)\n\tat org.testng.Assert.assertEquals(Assert.java:956)\n\tat stepDefinitions.StoreStepDefinitions.theResponseShouldHaveTheOrderInformation(StoreStepDefinitions.java:62)\n\tat ✽.The response should have the order information(file:///Users/nataliabedoya/Documents/Profesional/visa/petStore/petstore-test-automation-framework/src/test/resources/features/store.feature:13)\n"},"stage":"finished","steps":[],"attachments":[],"parameters":[],"start":1741304950672,"stop":1741304950683}],"attachments":[],"parameters":[],"start":1741304950234,"stop":1741304950683}