{"uuid":"97a7faaf-9951-44e5-8d4e-805ed36db940","historyId":"686bd3d155fd7f46832126a32fee0114","fullName":"src/test/resources/features/user.feature:28","labels":[{"name":"host","value":"Natalias-MacBook-Pro.local"},{"name":"thread","value":"50815@Natalias-MacBook-Pro.local.main(1)"},{"name":"feature","value":"Store API validations"},{"name":"story","value":"Validates update an existing user endpoint"},{"name":"suite","value":"Store API validations"},{"name":"testClass","value":"Validates update an existing user endpoint"},{"name":"framework","value":"cucumber4jvm"},{"name":"language","value":"java"},{"name":"gherkin_uri","value":"file:///Users/nataliabedoya/Documents/Profesional/visa/petStore/petstore-test-automation-framework/src/test/resources/features/user.feature"},{"name":"package","value":"src.test.resources.features.user_feature.Store API validations"}],"links":[],"name":"Validates update an existing user endpoint","status":"failed","statusDetails":{"known":false,"muted":false,"flaky":false,"message":"The message doesn't contain the userId expected [0] but found [9223372036854770184]","trace":"java.lang.AssertionError: The message doesn't contain the userId expected [0] but found [9223372036854770184]\n\tat org.testng.Assert.fail(Assert.java:111)\n\tat org.testng.Assert.failNotEquals(Assert.java:1578)\n\tat org.testng.Assert.assertEqualsImpl(Assert.java:150)\n\tat org.testng.Assert.assertEquals(Assert.java:132)\n\tat org.testng.Assert.assertEquals(Assert.java:656)\n\tat stepDefinitions.UserStepDefinitions.theResponseShouldHaveAMessageWithUserid(UserStepDefinitions.java:93)\n\tat ✽.The response should have a message with userid(file:///Users/nataliabedoya/Documents/Profesional/visa/petStore/petstore-test-automation-framework/src/test/resources/features/user.feature:32)\n"},"stage":"finished","steps":[{"name":"Given  The user wants to update an user with the name \"user1\"","status":"passed","statusDetails":{"known":false,"muted":false,"flaky":false},"stage":"finished","steps":[],"attachments":[],"parameters":[],"start":1741304954983,"stop":1741304954983},{"name":"When  A PUT request is sent to /user/{username}","status":"passed","statusDetails":{"known":false,"muted":false,"flaky":false},"stage":"finished","steps":[],"attachments":[],"parameters":[],"start":1741304954983,"stop":1741304955416},{"name":"Then  The response status code should be 200","status":"passed","statusDetails":{"known":false,"muted":false,"flaky":false},"stage":"finished","steps":[],"attachments":[],"parameters":[],"start":1741304955417,"stop":1741304955418},{"name":"And  The response should have a message with userid","status":"failed","statusDetails":{"known":false,"muted":false,"flaky":false,"message":"The message doesn't contain the userId expected [0] but found [9223372036854770184]","trace":"java.lang.AssertionError: The message doesn't contain the userId expected [0] but found [9223372036854770184]\n\tat org.testng.Assert.fail(Assert.java:111)\n\tat org.testng.Assert.failNotEquals(Assert.java:1578)\n\tat org.testng.Assert.assertEqualsImpl(Assert.java:150)\n\tat org.testng.Assert.assertEquals(Assert.java:132)\n\tat org.testng.Assert.assertEquals(Assert.java:656)\n\tat stepDefinitions.UserStepDefinitions.theResponseShouldHaveAMessageWithUserid(UserStepDefinitions.java:93)\n\tat ✽.The response should have a message with userid(file:///Users/nataliabedoya/Documents/Profesional/visa/petStore/petstore-test-automation-framework/src/test/resources/features/user.feature:32)\n"},"stage":"finished","steps":[],"attachments":[],"parameters":[],"start":1741304955418,"stop":1741304955428}],"attachments":[],"parameters":[],"start":1741304954983,"stop":1741304955428}