{"uuid":"dc607656-feb6-4fe5-a638-11cf4f065223","historyId":"9023e2dd4a72fb30156ecb6d5e662be8","fullName":"src/test/resources/features/pet.feature:81","labels":[{"name":"host","value":"Natalias-MacBook-Pro.local"},{"name":"thread","value":"48667@Natalias-MacBook-Pro.local.main(1)"},{"name":"feature","value":"Pet API Validations"},{"name":"story","value":"Validates update a pet in the store with wrong data"},{"name":"suite","value":"Pet API Validations"},{"name":"testClass","value":"Validates update a pet in the store with wrong data"},{"name":"framework","value":"cucumber4jvm"},{"name":"language","value":"java"},{"name":"gherkin_uri","value":"file:///Users/nataliabedoya/Documents/Profesional/visa/petStore/petstore-test-automation-framework/src/test/resources/features/pet.feature"},{"name":"package","value":"src.test.resources.features.pet_feature.Pet API Validations"}],"links":[],"name":"Validates update a pet in the store with wrong data","status":"failed","statusDetails":{"known":false,"muted":false,"flaky":false,"message":"expected [404] but found [200]","trace":"java.lang.AssertionError: expected [404] but found [200]\n\tat org.testng.Assert.fail(Assert.java:111)\n\tat org.testng.Assert.failNotEquals(Assert.java:1578)\n\tat org.testng.Assert.assertEqualsImpl(Assert.java:150)\n\tat org.testng.Assert.assertEquals(Assert.java:132)\n\tat org.testng.Assert.assertEquals(Assert.java:1419)\n\tat org.testng.Assert.assertEquals(Assert.java:1383)\n\tat org.testng.Assert.assertEquals(Assert.java:1429)\n\tat stepDefinitions.PetStepDefinitions.theResponseStatusCodeShouldBe(PetStepDefinitions.java:52)\n\tat ✽.The response status code should be 404(file:///Users/nataliabedoya/Documents/Profesional/visa/petStore/petstore-test-automation-framework/src/test/resources/features/pet.feature:77)\n"},"stage":"finished","steps":[{"name":"Given  The user wants to update a pet with id \"1230\" with name \"Luquitas\" and status \"available\"","status":"passed","statusDetails":{"known":false,"muted":false,"flaky":false},"stage":"finished","steps":[],"attachments":[],"parameters":[],"start":1741304580408,"stop":1741304580408},{"name":"When  A POST request is sent to /pet/{petId}","status":"passed","statusDetails":{"known":false,"muted":false,"flaky":false},"stage":"finished","steps":[],"attachments":[],"parameters":[],"start":1741304580408,"stop":1741304580838},{"name":"Then  The response status code should be 404","status":"failed","statusDetails":{"known":false,"muted":false,"flaky":false,"message":"expected [404] but found [200]","trace":"java.lang.AssertionError: expected [404] but found [200]\n\tat org.testng.Assert.fail(Assert.java:111)\n\tat org.testng.Assert.failNotEquals(Assert.java:1578)\n\tat org.testng.Assert.assertEqualsImpl(Assert.java:150)\n\tat org.testng.Assert.assertEquals(Assert.java:132)\n\tat org.testng.Assert.assertEquals(Assert.java:1419)\n\tat org.testng.Assert.assertEquals(Assert.java:1383)\n\tat org.testng.Assert.assertEquals(Assert.java:1429)\n\tat stepDefinitions.PetStepDefinitions.theResponseStatusCodeShouldBe(PetStepDefinitions.java:52)\n\tat ✽.The response status code should be 404(file:///Users/nataliabedoya/Documents/Profesional/visa/petStore/petstore-test-automation-framework/src/test/resources/features/pet.feature:77)\n"},"stage":"finished","steps":[],"attachments":[],"parameters":[],"start":1741304580838,"stop":1741304580839},{"name":"And  The response should have a message with \"not found\"","status":"skipped","statusDetails":{"known":false,"muted":false,"flaky":false},"stage":"finished","steps":[],"attachments":[],"parameters":[],"start":1741304580840,"stop":1741304580840}],"attachments":[],"parameters":[{"name":"petId","value":"1230"},{"name":"newName","value":"Luquitas"},{"name":"newStatus","value":"available"}],"start":1741304580408,"stop":1741304580840}