{"uuid":"df29973f-5fe1-4650-82f7-f9bac85e52d6","historyId":"53edface769ac0ac540a697525e3306c","fullName":"src/test/resources/features/pet.feature:72","labels":[{"name":"host","value":"Natalias-MacBook-Pro.local"},{"name":"thread","value":"48667@Natalias-MacBook-Pro.local.main(1)"},{"name":"feature","value":"Pet API Validations"},{"name":"story","value":"Validates delete a pet endpoint"},{"name":"suite","value":"Pet API Validations"},{"name":"testClass","value":"Validates delete a pet endpoint"},{"name":"framework","value":"cucumber4jvm"},{"name":"language","value":"java"},{"name":"gherkin_uri","value":"file:///Users/nataliabedoya/Documents/Profesional/visa/petStore/petstore-test-automation-framework/src/test/resources/features/pet.feature"},{"name":"package","value":"src.test.resources.features.pet_feature.Pet API Validations"}],"links":[],"name":"Validates delete a pet endpoint","status":"failed","statusDetails":{"known":false,"muted":false,"flaky":false,"message":"expected [200] but found [404]","trace":"java.lang.AssertionError: expected [200] but found [404]\n\tat org.testng.Assert.fail(Assert.java:111)\n\tat org.testng.Assert.failNotEquals(Assert.java:1578)\n\tat org.testng.Assert.assertEqualsImpl(Assert.java:150)\n\tat org.testng.Assert.assertEquals(Assert.java:132)\n\tat org.testng.Assert.assertEquals(Assert.java:1419)\n\tat org.testng.Assert.assertEquals(Assert.java:1383)\n\tat org.testng.Assert.assertEquals(Assert.java:1429)\n\tat stepDefinitions.PetStepDefinitions.theResponseStatusCodeShouldBe(PetStepDefinitions.java:52)\n\tat ✽.The response status code should be 200(file:///Users/nataliabedoya/Documents/Profesional/visa/petStore/petstore-test-automation-framework/src/test/resources/features/pet.feature:68)\n"},"stage":"finished","steps":[{"name":"Given  The user wants to delete the pet with id \"1230\"","status":"passed","statusDetails":{"known":false,"muted":false,"flaky":false},"stage":"finished","steps":[],"attachments":[],"parameters":[],"start":1741304579974,"stop":1741304579974},{"name":"When  A DELETE request is sent to /pet/{petId}","status":"passed","statusDetails":{"known":false,"muted":false,"flaky":false},"stage":"finished","steps":[],"attachments":[],"parameters":[],"start":1741304579974,"stop":1741304580402},{"name":"Then  The response status code should be 200","status":"failed","statusDetails":{"known":false,"muted":false,"flaky":false,"message":"expected [200] but found [404]","trace":"java.lang.AssertionError: expected [200] but found [404]\n\tat org.testng.Assert.fail(Assert.java:111)\n\tat org.testng.Assert.failNotEquals(Assert.java:1578)\n\tat org.testng.Assert.assertEqualsImpl(Assert.java:150)\n\tat org.testng.Assert.assertEquals(Assert.java:132)\n\tat org.testng.Assert.assertEquals(Assert.java:1419)\n\tat org.testng.Assert.assertEquals(Assert.java:1383)\n\tat org.testng.Assert.assertEquals(Assert.java:1429)\n\tat stepDefinitions.PetStepDefinitions.theResponseStatusCodeShouldBe(PetStepDefinitions.java:52)\n\tat ✽.The response status code should be 200(file:///Users/nataliabedoya/Documents/Profesional/visa/petStore/petstore-test-automation-framework/src/test/resources/features/pet.feature:68)\n"},"stage":"finished","steps":[],"attachments":[],"parameters":[],"start":1741304580402,"stop":1741304580403},{"name":"And  The response should have a message with \"1230\"","status":"skipped","statusDetails":{"known":false,"muted":false,"flaky":false},"stage":"finished","steps":[],"attachments":[],"parameters":[],"start":1741304580403,"stop":1741304580403}],"attachments":[],"parameters":[{"name":"petId","value":"1230"}],"start":1741304579974,"stop":1741304580403}