{"uuid":"e9dc093d-0cf7-4cc3-8faa-d18a4245daa1","historyId":"db43e7413faa6c33280cdccf090d9194","fullName":"src/test/resources/features/user.feature:13","labels":[{"name":"host","value":"Natalias-MacBook-Pro.local"},{"name":"thread","value":"50815@Natalias-MacBook-Pro.local.main(1)"},{"name":"feature","value":"Store API validations"},{"name":"story","value":"Validates creates user endpoint"},{"name":"suite","value":"Store API validations"},{"name":"testClass","value":"Validates creates user endpoint"},{"name":"framework","value":"cucumber4jvm"},{"name":"language","value":"java"},{"name":"gherkin_uri","value":"file:///Users/nataliabedoya/Documents/Profesional/visa/petStore/petstore-test-automation-framework/src/test/resources/features/user.feature"},{"name":"package","value":"src.test.resources.features.user_feature.Store API validations"}],"links":[],"name":"Validates creates user endpoint","status":"failed","statusDetails":{"known":false,"muted":false,"flaky":false,"message":"The message doesn't contain the userId expected [0] but found [1741303403169]","trace":"java.lang.AssertionError: The message doesn't contain the userId expected [0] but found [1741303403169]\n\tat org.testng.Assert.fail(Assert.java:111)\n\tat org.testng.Assert.failNotEquals(Assert.java:1578)\n\tat org.testng.Assert.assertEqualsImpl(Assert.java:150)\n\tat org.testng.Assert.assertEquals(Assert.java:132)\n\tat org.testng.Assert.assertEquals(Assert.java:656)\n\tat stepDefinitions.UserStepDefinitions.theResponseShouldHaveAMessageWithUserid(UserStepDefinitions.java:93)\n\tat ✽.The response should have a message with userid(file:///Users/nataliabedoya/Documents/Profesional/visa/petStore/petstore-test-automation-framework/src/test/resources/features/user.feature:17)\n"},"stage":"finished","steps":[{"name":"Given  The user wants to creates an user","status":"passed","statusDetails":{"known":false,"muted":false,"flaky":false},"stage":"finished","steps":[],"attachments":[],"parameters":[],"start":1741304954067,"stop":1741304954067},{"name":"When  A POST request is sent to /user","status":"passed","statusDetails":{"known":false,"muted":false,"flaky":false},"stage":"finished","steps":[],"attachments":[],"parameters":[],"start":1741304954067,"stop":1741304954507},{"name":"Then  The response status code should be 200","status":"passed","statusDetails":{"known":false,"muted":false,"flaky":false},"stage":"finished","steps":[],"attachments":[],"parameters":[],"start":1741304954507,"stop":1741304954510},{"name":"And  The response should have a message with userid","status":"failed","statusDetails":{"known":false,"muted":false,"flaky":false,"message":"The message doesn't contain the userId expected [0] but found [1741303403169]","trace":"java.lang.AssertionError: The message doesn't contain the userId expected [0] but found [1741303403169]\n\tat org.testng.Assert.fail(Assert.java:111)\n\tat org.testng.Assert.failNotEquals(Assert.java:1578)\n\tat org.testng.Assert.assertEqualsImpl(Assert.java:150)\n\tat org.testng.Assert.assertEquals(Assert.java:132)\n\tat org.testng.Assert.assertEquals(Assert.java:656)\n\tat stepDefinitions.UserStepDefinitions.theResponseShouldHaveAMessageWithUserid(UserStepDefinitions.java:93)\n\tat ✽.The response should have a message with userid(file:///Users/nataliabedoya/Documents/Profesional/visa/petStore/petstore-test-automation-framework/src/test/resources/features/user.feature:17)\n"},"stage":"finished","steps":[],"attachments":[],"parameters":[],"start":1741304954510,"stop":1741304954518}],"attachments":[],"parameters":[],"start":1741304954067,"stop":1741304954518}