{"uid":"5fb417dcf29e1eb","name":"Validates update a pet in the store with wrong data","fullName":"src/test/resources/features/pet.feature:81","historyId":"9023e2dd4a72fb30156ecb6d5e662be8","time":{"start":1741304580408,"stop":1741304580840,"duration":432},"status":"failed","statusMessage":"expected [404] but found [200]","statusTrace":"java.lang.AssertionError: expected [404] but found [200]\n\tat org.testng.Assert.fail(Assert.java:111)\n\tat org.testng.Assert.failNotEquals(Assert.java:1578)\n\tat org.testng.Assert.assertEqualsImpl(Assert.java:150)\n\tat org.testng.Assert.assertEquals(Assert.java:132)\n\tat org.testng.Assert.assertEquals(Assert.java:1419)\n\tat org.testng.Assert.assertEquals(Assert.java:1383)\n\tat org.testng.Assert.assertEquals(Assert.java:1429)\n\tat stepDefinitions.PetStepDefinitions.theResponseStatusCodeShouldBe(PetStepDefinitions.java:52)\n\tat ✽.The response status code should be 404(file:///Users/nataliabedoya/Documents/Profesional/visa/petStore/petstore-test-automation-framework/src/test/resources/features/pet.feature:77)\n","flaky":false,"newFailed":false,"newBroken":false,"newPassed":false,"retriesCount":0,"retriesStatusChange":false,"beforeStages":[],"testStage":{"status":"failed","statusMessage":"expected [404] but found [200]","statusTrace":"java.lang.AssertionError: expected [404] but found [200]\n\tat org.testng.Assert.fail(Assert.java:111)\n\tat org.testng.Assert.failNotEquals(Assert.java:1578)\n\tat org.testng.Assert.assertEqualsImpl(Assert.java:150)\n\tat org.testng.Assert.assertEquals(Assert.java:132)\n\tat org.testng.Assert.assertEquals(Assert.java:1419)\n\tat org.testng.Assert.assertEquals(Assert.java:1383)\n\tat org.testng.Assert.assertEquals(Assert.java:1429)\n\tat stepDefinitions.PetStepDefinitions.theResponseStatusCodeShouldBe(PetStepDefinitions.java:52)\n\tat ✽.The response status code should be 404(file:///Users/nataliabedoya/Documents/Profesional/visa/petStore/petstore-test-automation-framework/src/test/resources/features/pet.feature:77)\n","steps":[{"name":"Given  The user wants to update a pet with id \"1230\" with name \"Luquitas\" and status \"available\"","time":{"start":1741304580408,"stop":1741304580408,"duration":0},"status":"passed","steps":[],"attachments":[],"parameters":[],"stepsCount":0,"hasContent":false,"shouldDisplayMessage":false,"attachmentsCount":0,"attachmentStep":false},{"name":"When  A POST request is sent to /pet/{petId}","time":{"start":1741304580408,"stop":1741304580838,"duration":430},"status":"passed","steps":[],"attachments":[],"parameters":[],"stepsCount":0,"hasContent":false,"shouldDisplayMessage":false,"attachmentsCount":0,"attachmentStep":false},{"name":"Then  The response status code should be 404","time":{"start":1741304580838,"stop":1741304580839,"duration":1},"status":"failed","statusMessage":"expected [404] but found [200]","statusTrace":"java.lang.AssertionError: expected [404] but found [200]\n\tat org.testng.Assert.fail(Assert.java:111)\n\tat org.testng.Assert.failNotEquals(Assert.java:1578)\n\tat org.testng.Assert.assertEqualsImpl(Assert.java:150)\n\tat org.testng.Assert.assertEquals(Assert.java:132)\n\tat org.testng.Assert.assertEquals(Assert.java:1419)\n\tat org.testng.Assert.assertEquals(Assert.java:1383)\n\tat org.testng.Assert.assertEquals(Assert.java:1429)\n\tat stepDefinitions.PetStepDefinitions.theResponseStatusCodeShouldBe(PetStepDefinitions.java:52)\n\tat ✽.The response status code should be 404(file:///Users/nataliabedoya/Documents/Profesional/visa/petStore/petstore-test-automation-framework/src/test/resources/features/pet.feature:77)\n","steps":[],"attachments":[],"parameters":[],"stepsCount":0,"hasContent":true,"shouldDisplayMessage":true,"attachmentsCount":0,"attachmentStep":false},{"name":"And  The response should have a message with \"not found\"","time":{"start":1741304580840,"stop":1741304580840,"duration":0},"status":"skipped","steps":[],"attachments":[],"parameters":[],"stepsCount":0,"hasContent":false,"shouldDisplayMessage":false,"attachmentsCount":0,"attachmentStep":false}],"attachments":[],"parameters":[],"stepsCount":4,"hasContent":true,"shouldDisplayMessage":false,"attachmentsCount":0,"attachmentStep":false},"afterStages":[],"labels":[{"name":"host","value":"Natalias-MacBook-Pro.local"},{"name":"thread","value":"48667@Natalias-MacBook-Pro.local.main(1)"},{"name":"feature","value":"Pet API Validations"},{"name":"story","value":"Validates update a pet in the store with wrong data"},{"name":"suite","value":"Pet API Validations"},{"name":"testClass","value":"Validates update a pet in the store with wrong data"},{"name":"framework","value":"cucumber4jvm"},{"name":"language","value":"java"},{"name":"gherkin_uri","value":"file:///Users/nataliabedoya/Documents/Profesional/visa/petStore/petstore-test-automation-framework/src/test/resources/features/pet.feature"},{"name":"package","value":"src.test.resources.features.pet_feature.Pet API Validations"},{"name":"resultFormat","value":"allure2"}],"parameters":[{"name":"newName","value":"Luquitas"},{"name":"newStatus","value":"available"},{"name":"petId","value":"1230"}],"links":[],"hidden":true,"retry":true,"extra":{"categories":[],"tags":[]},"source":"5fb417dcf29e1eb.json","parameterValues":["Luquitas","available","1230"]}