{"uid":"61d8d4ecd694945f","name":"Validates update an existing user endpoint","fullName":"src/test/resources/features/user.feature:28","historyId":"686bd3d155fd7f46832126a32fee0114","time":{"start":1741304954983,"stop":1741304955428,"duration":445},"status":"failed","statusMessage":"The message doesn't contain the userId expected [0] but found [9223372036854770184]","statusTrace":"java.lang.AssertionError: The message doesn't contain the userId expected [0] but found [9223372036854770184]\n\tat org.testng.Assert.fail(Assert.java:111)\n\tat org.testng.Assert.failNotEquals(Assert.java:1578)\n\tat org.testng.Assert.assertEqualsImpl(Assert.java:150)\n\tat org.testng.Assert.assertEquals(Assert.java:132)\n\tat org.testng.Assert.assertEquals(Assert.java:656)\n\tat stepDefinitions.UserStepDefinitions.theResponseShouldHaveAMessageWithUserid(UserStepDefinitions.java:93)\n\tat ✽.The response should have a message with userid(file:///Users/nataliabedoya/Documents/Profesional/visa/petStore/petstore-test-automation-framework/src/test/resources/features/user.feature:32)\n","flaky":false,"newFailed":false,"newBroken":false,"newPassed":false,"retriesCount":0,"retriesStatusChange":false,"beforeStages":[],"testStage":{"status":"failed","statusMessage":"The message doesn't contain the userId expected [0] but found [9223372036854770184]","statusTrace":"java.lang.AssertionError: The message doesn't contain the userId expected [0] but found [9223372036854770184]\n\tat org.testng.Assert.fail(Assert.java:111)\n\tat org.testng.Assert.failNotEquals(Assert.java:1578)\n\tat org.testng.Assert.assertEqualsImpl(Assert.java:150)\n\tat org.testng.Assert.assertEquals(Assert.java:132)\n\tat org.testng.Assert.assertEquals(Assert.java:656)\n\tat stepDefinitions.UserStepDefinitions.theResponseShouldHaveAMessageWithUserid(UserStepDefinitions.java:93)\n\tat ✽.The response should have a message with userid(file:///Users/nataliabedoya/Documents/Profesional/visa/petStore/petstore-test-automation-framework/src/test/resources/features/user.feature:32)\n","steps":[{"name":"Given  The user wants to update an user with the name \"user1\"","time":{"start":1741304954983,"stop":1741304954983,"duration":0},"status":"passed","steps":[],"attachments":[],"parameters":[],"stepsCount":0,"hasContent":false,"shouldDisplayMessage":false,"attachmentsCount":0,"attachmentStep":false},{"name":"When  A PUT request is sent to /user/{username}","time":{"start":1741304954983,"stop":1741304955416,"duration":433},"status":"passed","steps":[],"attachments":[],"parameters":[],"stepsCount":0,"hasContent":false,"shouldDisplayMessage":false,"attachmentsCount":0,"attachmentStep":false},{"name":"Then  The response status code should be 200","time":{"start":1741304955417,"stop":1741304955418,"duration":1},"status":"passed","steps":[],"attachments":[],"parameters":[],"stepsCount":0,"hasContent":false,"shouldDisplayMessage":false,"attachmentsCount":0,"attachmentStep":false},{"name":"And  The response should have a message with userid","time":{"start":1741304955418,"stop":1741304955428,"duration":10},"status":"failed","statusMessage":"The message doesn't contain the userId expected [0] but found [9223372036854770184]","statusTrace":"java.lang.AssertionError: The message doesn't contain the userId expected [0] but found [9223372036854770184]\n\tat org.testng.Assert.fail(Assert.java:111)\n\tat org.testng.Assert.failNotEquals(Assert.java:1578)\n\tat org.testng.Assert.assertEqualsImpl(Assert.java:150)\n\tat org.testng.Assert.assertEquals(Assert.java:132)\n\tat org.testng.Assert.assertEquals(Assert.java:656)\n\tat stepDefinitions.UserStepDefinitions.theResponseShouldHaveAMessageWithUserid(UserStepDefinitions.java:93)\n\tat ✽.The response should have a message with userid(file:///Users/nataliabedoya/Documents/Profesional/visa/petStore/petstore-test-automation-framework/src/test/resources/features/user.feature:32)\n","steps":[],"attachments":[],"parameters":[],"stepsCount":0,"hasContent":true,"shouldDisplayMessage":true,"attachmentsCount":0,"attachmentStep":false}],"attachments":[],"parameters":[],"stepsCount":4,"hasContent":true,"shouldDisplayMessage":false,"attachmentsCount":0,"attachmentStep":false},"afterStages":[],"labels":[{"name":"host","value":"Natalias-MacBook-Pro.local"},{"name":"thread","value":"50815@Natalias-MacBook-Pro.local.main(1)"},{"name":"feature","value":"Store API validations"},{"name":"story","value":"Validates update an existing user endpoint"},{"name":"suite","value":"Store API validations"},{"name":"testClass","value":"Validates update an existing user endpoint"},{"name":"framework","value":"cucumber4jvm"},{"name":"language","value":"java"},{"name":"gherkin_uri","value":"file:///Users/nataliabedoya/Documents/Profesional/visa/petStore/petstore-test-automation-framework/src/test/resources/features/user.feature"},{"name":"package","value":"src.test.resources.features.user_feature.Store API validations"},{"name":"resultFormat","value":"allure2"}],"parameters":[],"links":[],"hidden":false,"retry":false,"extra":{"severity":"normal","retries":[],"categories":[{"name":"Product defects","matchedStatuses":[]}],"tags":[]},"source":"61d8d4ecd694945f.json","parameterValues":[]}