{"uid":"853882b320b44426","name":"Validates pet id endpoint","fullName":"src/test/resources/features/pet.feature:30","historyId":"a2ec20df5855d6b446f489fad6e3e54b","time":{"start":1741304946224,"stop":1741304946666,"duration":442},"status":"failed","statusMessage":"expected [200] but found [404]","statusTrace":"java.lang.AssertionError: expected [200] but found [404]\n\tat org.testng.Assert.fail(Assert.java:111)\n\tat org.testng.Assert.failNotEquals(Assert.java:1578)\n\tat org.testng.Assert.assertEqualsImpl(Assert.java:150)\n\tat org.testng.Assert.assertEquals(Assert.java:132)\n\tat org.testng.Assert.assertEquals(Assert.java:1419)\n\tat org.testng.Assert.assertEquals(Assert.java:1383)\n\tat org.testng.Assert.assertEquals(Assert.java:1429)\n\tat stepDefinitions.PetStepDefinitions.theResponseStatusCodeShouldBe(PetStepDefinitions.java:52)\n\tat ✽.The response status code should be 200(file:///Users/nataliabedoya/Documents/Profesional/visa/petStore/petstore-test-automation-framework/src/test/resources/features/pet.feature:26)\n","flaky":false,"newFailed":false,"newBroken":false,"newPassed":false,"retriesCount":1,"retriesStatusChange":false,"beforeStages":[],"testStage":{"status":"failed","statusMessage":"expected [200] but found [404]","statusTrace":"java.lang.AssertionError: expected [200] but found [404]\n\tat org.testng.Assert.fail(Assert.java:111)\n\tat org.testng.Assert.failNotEquals(Assert.java:1578)\n\tat org.testng.Assert.assertEqualsImpl(Assert.java:150)\n\tat org.testng.Assert.assertEquals(Assert.java:132)\n\tat org.testng.Assert.assertEquals(Assert.java:1419)\n\tat org.testng.Assert.assertEquals(Assert.java:1383)\n\tat org.testng.Assert.assertEquals(Assert.java:1429)\n\tat stepDefinitions.PetStepDefinitions.theResponseStatusCodeShouldBe(PetStepDefinitions.java:52)\n\tat ✽.The response status code should be 200(file:///Users/nataliabedoya/Documents/Profesional/visa/petStore/petstore-test-automation-framework/src/test/resources/features/pet.feature:26)\n","steps":[{"name":"Given  The user wants to search an specific id \"1230\"","time":{"start":1741304946224,"stop":1741304946225,"duration":1},"status":"passed","steps":[],"attachments":[],"parameters":[],"stepsCount":0,"hasContent":false,"shouldDisplayMessage":false,"attachmentsCount":0,"attachmentStep":false},{"name":"When  A GET request is sent to /pet/{petId}","time":{"start":1741304946225,"stop":1741304946655,"duration":430},"status":"passed","steps":[],"attachments":[],"parameters":[],"stepsCount":0,"hasContent":false,"shouldDisplayMessage":false,"attachmentsCount":0,"attachmentStep":false},{"name":"Then  The response status code should be 200","time":{"start":1741304946655,"stop":1741304946666,"duration":11},"status":"failed","statusMessage":"expected [200] but found [404]","statusTrace":"java.lang.AssertionError: expected [200] but found [404]\n\tat org.testng.Assert.fail(Assert.java:111)\n\tat org.testng.Assert.failNotEquals(Assert.java:1578)\n\tat org.testng.Assert.assertEqualsImpl(Assert.java:150)\n\tat org.testng.Assert.assertEquals(Assert.java:132)\n\tat org.testng.Assert.assertEquals(Assert.java:1419)\n\tat org.testng.Assert.assertEquals(Assert.java:1383)\n\tat org.testng.Assert.assertEquals(Assert.java:1429)\n\tat stepDefinitions.PetStepDefinitions.theResponseStatusCodeShouldBe(PetStepDefinitions.java:52)\n\tat ✽.The response status code should be 200(file:///Users/nataliabedoya/Documents/Profesional/visa/petStore/petstore-test-automation-framework/src/test/resources/features/pet.feature:26)\n","steps":[],"attachments":[],"parameters":[],"stepsCount":0,"hasContent":true,"shouldDisplayMessage":true,"attachmentsCount":0,"attachmentStep":false},{"name":"And  The response should have the id \"1230\"","time":{"start":1741304946666,"stop":1741304946666,"duration":0},"status":"skipped","steps":[],"attachments":[],"parameters":[],"stepsCount":0,"hasContent":false,"shouldDisplayMessage":false,"attachmentsCount":0,"attachmentStep":false}],"attachments":[],"parameters":[],"stepsCount":4,"hasContent":true,"shouldDisplayMessage":false,"attachmentsCount":0,"attachmentStep":false},"afterStages":[],"labels":[{"name":"host","value":"Natalias-MacBook-Pro.local"},{"name":"thread","value":"50815@Natalias-MacBook-Pro.local.main(1)"},{"name":"feature","value":"Pet API Validations"},{"name":"story","value":"Validates pet id endpoint"},{"name":"suite","value":"Pet API Validations"},{"name":"testClass","value":"Validates pet id endpoint"},{"name":"framework","value":"cucumber4jvm"},{"name":"language","value":"java"},{"name":"gherkin_uri","value":"file:///Users/nataliabedoya/Documents/Profesional/visa/petStore/petstore-test-automation-framework/src/test/resources/features/pet.feature"},{"name":"package","value":"src.test.resources.features.pet_feature.Pet API Validations"},{"name":"resultFormat","value":"allure2"}],"parameters":[{"name":"petId","value":"1230"}],"links":[],"hidden":false,"retry":false,"extra":{"severity":"normal","retries":[{"uid":"8c5b42df3ec759cc","status":"failed","statusDetails":"expected [200] but found [404]","time":{"start":1741304577498,"stop":1741304577951,"duration":453}}],"categories":[{"name":"Product defects","matchedStatuses":[]}],"tags":[]},"source":"853882b320b44426.json","parameterValues":["1230"]}