{"uid":"e9fc3d94c10bcacb","name":"Validates creates user endpoint","fullName":"src/test/resources/features/user.feature:13","historyId":"db43e7413faa6c33280cdccf090d9194","time":{"start":1741304954067,"stop":1741304954518,"duration":451},"status":"failed","statusMessage":"The message doesn't contain the userId expected [0] but found [1741303403169]","statusTrace":"java.lang.AssertionError: The message doesn't contain the userId expected [0] but found [1741303403169]\n\tat org.testng.Assert.fail(Assert.java:111)\n\tat org.testng.Assert.failNotEquals(Assert.java:1578)\n\tat org.testng.Assert.assertEqualsImpl(Assert.java:150)\n\tat org.testng.Assert.assertEquals(Assert.java:132)\n\tat org.testng.Assert.assertEquals(Assert.java:656)\n\tat stepDefinitions.UserStepDefinitions.theResponseShouldHaveAMessageWithUserid(UserStepDefinitions.java:93)\n\tat ✽.The response should have a message with userid(file:///Users/nataliabedoya/Documents/Profesional/visa/petStore/petstore-test-automation-framework/src/test/resources/features/user.feature:17)\n","flaky":false,"newFailed":false,"newBroken":false,"newPassed":false,"retriesCount":0,"retriesStatusChange":false,"beforeStages":[],"testStage":{"status":"failed","statusMessage":"The message doesn't contain the userId expected [0] but found [1741303403169]","statusTrace":"java.lang.AssertionError: The message doesn't contain the userId expected [0] but found [1741303403169]\n\tat org.testng.Assert.fail(Assert.java:111)\n\tat org.testng.Assert.failNotEquals(Assert.java:1578)\n\tat org.testng.Assert.assertEqualsImpl(Assert.java:150)\n\tat org.testng.Assert.assertEquals(Assert.java:132)\n\tat org.testng.Assert.assertEquals(Assert.java:656)\n\tat stepDefinitions.UserStepDefinitions.theResponseShouldHaveAMessageWithUserid(UserStepDefinitions.java:93)\n\tat ✽.The response should have a message with userid(file:///Users/nataliabedoya/Documents/Profesional/visa/petStore/petstore-test-automation-framework/src/test/resources/features/user.feature:17)\n","steps":[{"name":"Given  The user wants to creates an user","time":{"start":1741304954067,"stop":1741304954067,"duration":0},"status":"passed","steps":[],"attachments":[],"parameters":[],"stepsCount":0,"hasContent":false,"shouldDisplayMessage":false,"attachmentsCount":0,"attachmentStep":false},{"name":"When  A POST request is sent to /user","time":{"start":1741304954067,"stop":1741304954507,"duration":440},"status":"passed","steps":[],"attachments":[],"parameters":[],"stepsCount":0,"hasContent":false,"shouldDisplayMessage":false,"attachmentsCount":0,"attachmentStep":false},{"name":"Then  The response status code should be 200","time":{"start":1741304954507,"stop":1741304954510,"duration":3},"status":"passed","steps":[],"attachments":[],"parameters":[],"stepsCount":0,"hasContent":false,"shouldDisplayMessage":false,"attachmentsCount":0,"attachmentStep":false},{"name":"And  The response should have a message with userid","time":{"start":1741304954510,"stop":1741304954518,"duration":8},"status":"failed","statusMessage":"The message doesn't contain the userId expected [0] but found [1741303403169]","statusTrace":"java.lang.AssertionError: The message doesn't contain the userId expected [0] but found [1741303403169]\n\tat org.testng.Assert.fail(Assert.java:111)\n\tat org.testng.Assert.failNotEquals(Assert.java:1578)\n\tat org.testng.Assert.assertEqualsImpl(Assert.java:150)\n\tat org.testng.Assert.assertEquals(Assert.java:132)\n\tat org.testng.Assert.assertEquals(Assert.java:656)\n\tat stepDefinitions.UserStepDefinitions.theResponseShouldHaveAMessageWithUserid(UserStepDefinitions.java:93)\n\tat ✽.The response should have a message with userid(file:///Users/nataliabedoya/Documents/Profesional/visa/petStore/petstore-test-automation-framework/src/test/resources/features/user.feature:17)\n","steps":[],"attachments":[],"parameters":[],"stepsCount":0,"hasContent":true,"shouldDisplayMessage":true,"attachmentsCount":0,"attachmentStep":false}],"attachments":[],"parameters":[],"stepsCount":4,"hasContent":true,"shouldDisplayMessage":false,"attachmentsCount":0,"attachmentStep":false},"afterStages":[],"labels":[{"name":"host","value":"Natalias-MacBook-Pro.local"},{"name":"thread","value":"50815@Natalias-MacBook-Pro.local.main(1)"},{"name":"feature","value":"Store API validations"},{"name":"story","value":"Validates creates user endpoint"},{"name":"suite","value":"Store API validations"},{"name":"testClass","value":"Validates creates user endpoint"},{"name":"framework","value":"cucumber4jvm"},{"name":"language","value":"java"},{"name":"gherkin_uri","value":"file:///Users/nataliabedoya/Documents/Profesional/visa/petStore/petstore-test-automation-framework/src/test/resources/features/user.feature"},{"name":"package","value":"src.test.resources.features.user_feature.Store API validations"},{"name":"resultFormat","value":"allure2"}],"parameters":[],"links":[],"hidden":false,"retry":false,"extra":{"severity":"normal","retries":[],"categories":[{"name":"Product defects","matchedStatuses":[]}],"tags":[]},"source":"e9fc3d94c10bcacb.json","parameterValues":[]}